build/app/intermediates/manifest_merge_blame_file/debug/manifest-merger-blame-debug-report.txt
1<?xml version="1.0" encoding="utf-8"?>
2<manifest xmlns:android="http://schemas.android.com/apk/res/android"
3    package="com.mycompany.shopapp"
4    android:versionCode="1"
5    android:versionName="1.0.0" >
6
7    <uses-sdk
8        android:minSdkVersion="21"
9        android:targetSdkVersion="33" />
10    <!--
11         Flutter needs it to communicate with the running application
12         to allow setting breakpoints, to provide hot reload, etc.
13    -->
14    <uses-permission android:name="android.permission.INTERNET" />
14-->src\main\AndroidManifest.xml:4:5-66
14-->src\main\AndroidManifest.xml:4:22-64
15    <uses-permission android:name="android.permission.ACCESS_WIFI_STATE" />
15-->src\main\AndroidManifest.xml:6:5-76
15-->src\main\AndroidManifest.xml:6:22-73
16    <uses-permission android:name="android.permission.RECORD_AUDIO" />
16-->src\main\AndroidManifest.xml:7:5-71
16-->src\main\AndroidManifest.xml:7:22-68
17    <uses-permission android:name="android.permission.ACCESS_NETWORK_STATE" />
17-->src\main\AndroidManifest.xml:9:5-79
17-->src\main\AndroidManifest.xml:9:22-76
18    <uses-permission android:name="android.permission.CAMERA" />
18-->src\main\AndroidManifest.xml:10:5-65
18-->src\main\AndroidManifest.xml:10:22-62
19    <uses-permission android:name="android.permission.BLUETOOTH" />
19-->src\main\AndroidManifest.xml:11:5-68
19-->src\main\AndroidManifest.xml:11:22-65
20    <uses-permission android:name="android.permission.MODIFY_AUDIO_SETTINGS" />
20-->src\main\AndroidManifest.xml:12:5-80
20-->src\main\AndroidManifest.xml:12:22-77
21    <uses-permission android:name="android.permission.WRITE_EXTERNAL_STORAGE" />
21-->src\main\AndroidManifest.xml:13:5-81
21-->src\main\AndroidManifest.xml:13:22-78
22    <uses-permission android:name="android.permission.READ_PHONE_STATE" />
22-->src\main\AndroidManifest.xml:14:5-75
22-->src\main\AndroidManifest.xml:14:22-72
23    <uses-permission android:name="android.permission.WAKE_LOCK" />
23-->src\main\AndroidManifest.xml:15:5-68
23-->src\main\AndroidManifest.xml:15:22-65
24    <uses-permission android:name="android.permission.READ_EXTERNAL_STORAGE" />
24-->[:file_picker] AndroidManifest.xml:9:5-80
24-->[:file_picker] AndroidManifest.xml:9:22-77
25
26    <queries>
26-->[:file_picker] AndroidManifest.xml:11:5-17:15
27        <intent>
27-->[:file_picker] AndroidManifest.xml:12:9-16:18
28            <action android:name="android.intent.action.GET_CONTENT" />
28-->[:file_picker] AndroidManifest.xml:13:13-72
28-->[:file_picker] AndroidManifest.xml:13:21-69
29
30            <data android:mimeType="*/*" />
30-->src\main\AndroidManifest.xml:58:17-83
31        </intent>
32        <intent>
32-->[im.zego:zpns:2.4.0] AndroidManifest.xml:18:9-20:18
33            <action android:name="com.huawei.hms.core.aidlservice" />
33-->[im.zego:zpns:2.4.0] AndroidManifest.xml:19:13-70
33-->[im.zego:zpns:2.4.0] AndroidManifest.xml:19:21-67
34        </intent>
35    </queries>
36
37    <uses-permission android:name="android.permission.POST_NOTIFICATIONS" />
37-->[:awesome_notifications] AndroidManifest.xml:9:5-77
37-->[:awesome_notifications] AndroidManifest.xml:9:22-74
38    <uses-permission android:name="android.permission.BROADCAST_CLOSE_SYSTEM_DIALOGS" />
38-->[:awesome_notifications] AndroidManifest.xml:10:5-89
38-->[:awesome_notifications] AndroidManifest.xml:10:22-86
39    <uses-permission android:name="android.permission.RECEIVE_BOOT_COMPLETED" />
39-->[:awesome_notifications] AndroidManifest.xml:11:5-81
39-->[:awesome_notifications] AndroidManifest.xml:11:22-78
40    <uses-permission android:name="android.permission.VIBRATE" />
40-->[:awesome_notifications] AndroidManifest.xml:12:5-66
40-->[:awesome_notifications] AndroidManifest.xml:12:22-63
41    <uses-permission android:name="android.permission.FOREGROUND_SERVICE" />
41-->[:zego_express_engine] AndroidManifest.xml:9:5-77
41-->[:zego_express_engine] AndroidManifest.xml:9:22-74
42    <uses-permission android:name="android.permission.USE_FULL_SCREEN_INTENT" />
42-->[:flutter_callkit_incoming] AndroidManifest.xml:9:5-81
42-->[:flutter_callkit_incoming] AndroidManifest.xml:9:22-78
43    <uses-permission android:name="android.permission.ACCESS_NOTIFICATION_POLICY" />
43-->[:flutter_callkit_incoming] AndroidManifest.xml:13:5-85
43-->[:flutter_callkit_incoming] AndroidManifest.xml:13:22-82
44    <uses-permission
44-->[me.carda:AndroidAwnCore:0.7.5-dev.3] AndroidManifest.xml:10:5-12:38
45        android:name="android.permission.BIND_NOTIFICATION_LISTENER_SERVICE"
45-->[me.carda:AndroidAwnCore:0.7.5-dev.3] AndroidManifest.xml:11:9-77
46        android:maxSdkVersion="22" />
46-->[me.carda:AndroidAwnCore:0.7.5-dev.3] AndroidManifest.xml:12:9-35
47
48    <permission
48-->[androidx.core:core:1.10.0] AndroidManifest.xml:22:5-24:47
49        android:name="com.mycompany.shopapp.DYNAMIC_RECEIVER_NOT_EXPORTED_PERMISSION"
49-->[androidx.core:core:1.10.0] AndroidManifest.xml:23:9-81
50        android:protectionLevel="signature" />
50-->[androidx.core:core:1.10.0] AndroidManifest.xml:24:9-44
51
52    <uses-permission android:name="com.mycompany.shopapp.DYNAMIC_RECEIVER_NOT_EXPORTED_PERMISSION" />
52-->[androidx.core:core:1.10.0] AndroidManifest.xml:26:5-97
52-->[androidx.core:core:1.10.0] AndroidManifest.xml:26:22-94
53    <uses-permission android:name="android.permission.GET_TASKS" /> <!-- for android -->
53-->[im.zego:zpns:2.4.0] AndroidManifest.xml:14:5-68
53-->[im.zego:zpns:2.4.0] AndroidManifest.xml:14:22-65
54    <!-- <uses-permission android:name="com.android.launcher.permission.READ_SETTINGS"/> -->
55    <!-- <uses-permission android:name="com.android.launcher.permission.WRITE_SETTINGS"/> -->
56    <!-- <uses-permission android:name="com.android.launcher.permission.INSTALL_SHORTCUT" /> -->
57    <!-- <uses-permission android:name="com.android.launcher.permission.UNINSTALL_SHORTCUT" /> -->
58    <!-- for Samsung -->
59    <uses-permission android:name="com.sec.android.provider.badge.permission.READ" />
59-->[me.leolin:ShortcutBadger:1.1.22] AndroidManifest.xml:19:5-86
59-->[me.leolin:ShortcutBadger:1.1.22] AndroidManifest.xml:19:22-83
60    <uses-permission android:name="com.sec.android.provider.badge.permission.WRITE" /> <!-- for htc -->
60-->[me.leolin:ShortcutBadger:1.1.22] AndroidManifest.xml:20:5-87
60-->[me.leolin:ShortcutBadger:1.1.22] AndroidManifest.xml:20:22-84
61    <uses-permission android:name="com.htc.launcher.permission.READ_SETTINGS" />
61-->[me.leolin:ShortcutBadger:1.1.22] AndroidManifest.xml:23:5-81
61-->[me.leolin:ShortcutBadger:1.1.22] AndroidManifest.xml:23:22-78
62    <uses-permission android:name="com.htc.launcher.permission.UPDATE_SHORTCUT" /> <!-- for sony -->
62-->[me.leolin:ShortcutBadger:1.1.22] AndroidManifest.xml:24:5-83
62-->[me.leolin:ShortcutBadger:1.1.22] AndroidManifest.xml:24:22-80
63    <uses-permission android:name="com.sonyericsson.home.permission.BROADCAST_BADGE" />
63-->[me.leolin:ShortcutBadger:1.1.22] AndroidManifest.xml:27:5-88
63-->[me.leolin:ShortcutBadger:1.1.22] AndroidManifest.xml:27:22-85
64    <uses-permission android:name="com.sonymobile.home.permission.PROVIDER_INSERT_BADGE" /> <!-- for apex -->
64-->[me.leolin:ShortcutBadger:1.1.22] AndroidManifest.xml:28:5-92
64-->[me.leolin:ShortcutBadger:1.1.22] AndroidManifest.xml:28:22-89
65    <uses-permission android:name="com.anddoes.launcher.permission.UPDATE_COUNT" /> <!-- for solid -->
65-->[me.leolin:ShortcutBadger:1.1.22] AndroidManifest.xml:31:5-84
65-->[me.leolin:ShortcutBadger:1.1.22] AndroidManifest.xml:31:22-81
66    <uses-permission android:name="com.majeur.launcher.permission.UPDATE_BADGE" /> <!-- for huawei -->
66-->[me.leolin:ShortcutBadger:1.1.22] AndroidManifest.xml:34:5-83
66-->[me.leolin:ShortcutBadger:1.1.22] AndroidManifest.xml:34:22-80
67    <uses-permission android:name="com.huawei.android.launcher.permission.CHANGE_BADGE" />
67-->[me.leolin:ShortcutBadger:1.1.22] AndroidManifest.xml:37:5-91
67-->[me.leolin:ShortcutBadger:1.1.22] AndroidManifest.xml:37:22-88
68    <uses-permission android:name="com.huawei.android.launcher.permission.READ_SETTINGS" />
68-->[me.leolin:ShortcutBadger:1.1.22] AndroidManifest.xml:38:5-92
68-->[me.leolin:ShortcutBadger:1.1.22] AndroidManifest.xml:38:22-89
69    <uses-permission android:name="com.huawei.android.launcher.permission.WRITE_SETTINGS" /> <!-- for ZUK -->
69-->[me.leolin:ShortcutBadger:1.1.22] AndroidManifest.xml:39:5-93
69-->[me.leolin:ShortcutBadger:1.1.22] AndroidManifest.xml:39:22-90
70    <uses-permission android:name="android.permission.READ_APP_BADGE" /> <!-- for OPPO -->
70-->[me.leolin:ShortcutBadger:1.1.22] AndroidManifest.xml:42:5-73
70-->[me.leolin:ShortcutBadger:1.1.22] AndroidManifest.xml:42:22-70
71    <uses-permission android:name="com.oppo.launcher.permission.READ_SETTINGS" />
71-->[me.leolin:ShortcutBadger:1.1.22] AndroidManifest.xml:45:5-82
71-->[me.leolin:ShortcutBadger:1.1.22] AndroidManifest.xml:45:22-79
72    <uses-permission android:name="com.oppo.launcher.permission.WRITE_SETTINGS" /> <!-- for EvMe -->
72-->[me.leolin:ShortcutBadger:1.1.22] AndroidManifest.xml:46:5-83
72-->[me.leolin:ShortcutBadger:1.1.22] AndroidManifest.xml:46:22-80
73    <uses-permission android:name="me.everything.badger.permission.BADGE_COUNT_READ" />
73-->[me.leolin:ShortcutBadger:1.1.22] AndroidManifest.xml:49:5-88
73-->[me.leolin:ShortcutBadger:1.1.22] AndroidManifest.xml:49:22-85
74    <uses-permission android:name="me.everything.badger.permission.BADGE_COUNT_WRITE" />
74-->[me.leolin:ShortcutBadger:1.1.22] AndroidManifest.xml:50:5-89
74-->[me.leolin:ShortcutBadger:1.1.22] AndroidManifest.xml:50:22-86
75
76    <application
76-->src\main\AndroidManifest.xml:17:5-71:19
77        android:appComponentFactory="androidx.core.app.CoreComponentFactory"
77-->[androidx.core:core:1.10.0] AndroidManifest.xml:28:18-86
78        android:debuggable="true"
79        android:icon="@mipmap/ic_launcher"
79-->src\main\AndroidManifest.xml:20:9-43
80        android:label="shopingApp"
80-->src\main\AndroidManifest.xml:18:9-35
81        android:requestLegacyExternalStorage="true" >
81-->src\main\AndroidManifest.xml:21:9-52
82        <activity
82-->src\main\AndroidManifest.xml:23:9-61:20
83            android:name="com.mycompany.shopapp.MainActivity"
83-->src\main\AndroidManifest.xml:24:13-41
84            android:configChanges="orientation|keyboardHidden|keyboard|screenSize|smallestScreenSize|locale|layoutDirection|fontScale|screenLayout|density|uiMode"
84-->src\main\AndroidManifest.xml:28:13-163
85            android:exported="true"
85-->src\main\AndroidManifest.xml:25:13-36
86            android:hardwareAccelerated="true"
86-->src\main\AndroidManifest.xml:29:13-47
87            android:launchMode="singleTop"
87-->src\main\AndroidManifest.xml:26:13-43
88            android:theme="@style/LaunchTheme"
88-->src\main\AndroidManifest.xml:27:13-47
89            android:windowSoftInputMode="adjustResize" >
89-->src\main\AndroidManifest.xml:30:13-55
90
91            <!--
92                 Specifies an Android theme to apply to this Activity as soon as
93                 the Android process has started. This theme is visible to the user
94                 while the Flutter UI initializes. After that, this theme continues
95                 to determine the Window background behind the Flutter UI.
96            -->
97            <meta-data
97-->src\main\AndroidManifest.xml:35:13-38:17
98                android:name="io.flutter.embedding.android.NormalTheme"
98-->src\main\AndroidManifest.xml:36:15-70
99                android:resource="@style/NormalTheme" />
99-->src\main\AndroidManifest.xml:37:15-52
100            <!--
101                 Displays an Android View that continues showing the launch screen
102                 Drawable until Flutter paints its first frame, then this splash
103                 screen fades out. A splash screen is useful to avoid any visual
104                 gap between the end of Android's launch screen and the painting of
105                 Flutter's first frame.
106            -->
107            <meta-data
107-->src\main\AndroidManifest.xml:44:13-47:17
108                android:name="io.flutter.embedding.android.SplashScreenDrawable"
108-->src\main\AndroidManifest.xml:45:15-79
109                android:resource="@drawable/launch_background" />
109-->src\main\AndroidManifest.xml:46:15-61
110
111            <intent-filter>
111-->src\main\AndroidManifest.xml:48:13-51:29
112                <action android:name="android.intent.action.MAIN" />
112-->src\main\AndroidManifest.xml:49:17-68
112-->src\main\AndroidManifest.xml:49:25-66
113
114                <category android:name="android.intent.category.LAUNCHER" />
114-->src\main\AndroidManifest.xml:50:17-76
114-->src\main\AndroidManifest.xml:50:27-74
115            </intent-filter>
116            <!-- Deep linking -->
117            <meta-data
117-->src\main\AndroidManifest.xml:53:13-90
118                android:name="flutter_deeplinking_enabled"
118-->src\main\AndroidManifest.xml:53:24-66
119                android:value="true" />
119-->src\main\AndroidManifest.xml:53:67-87
120
121            <intent-filter android:autoVerify="true" >
121-->src\main\AndroidManifest.xml:54:13-59:29
121-->src\main\AndroidManifest.xml:54:28-53
122                <action android:name="android.intent.action.VIEW" />
122-->src\main\AndroidManifest.xml:55:17-69
122-->src\main\AndroidManifest.xml:55:25-66
123
124                <category android:name="android.intent.category.DEFAULT" />
124-->src\main\AndroidManifest.xml:56:17-76
124-->src\main\AndroidManifest.xml:56:27-73
125                <category android:name="android.intent.category.BROWSABLE" />
125-->src\main\AndroidManifest.xml:57:17-78
125-->src\main\AndroidManifest.xml:57:27-75
126
127                <data
127-->src\main\AndroidManifest.xml:58:17-83
128                    android:host="shopingapp.com"
128-->src\main\AndroidManifest.xml:58:51-80
129                    android:scheme="shopingapp" />
129-->src\main\AndroidManifest.xml:58:23-50
130            </intent-filter>
131        </activity>
132
133        <!--
134             Don't delete the meta-data below.
135             This is used by the Flutter tool to generate GeneratedPluginRegistrant.java
136        -->
137        <meta-data
137-->src\main\AndroidManifest.xml:65:9-67:33
138            android:name="flutterEmbedding"
138-->src\main\AndroidManifest.xml:66:13-44
139            android:value="2" />
139-->src\main\AndroidManifest.xml:67:13-30
140
141        <service
141-->[:cloud_firestore] AndroidManifest.xml:10:9-14:19
142            android:name="com.google.firebase.components.ComponentDiscoveryService"
142-->[:cloud_firestore] AndroidManifest.xml:10:18-89
143            android:directBootAware="true"
143-->[com.google.firebase:firebase-common:20.3.2] AndroidManifest.xml:34:13-43
144            android:exported="false" >
144-->[com.google.firebase:firebase-firestore:24.6.0] AndroidManifest.xml:18:13-37
145            <meta-data
145-->[:cloud_firestore] AndroidManifest.xml:11:13-13:85
146                android:name="com.google.firebase.components:io.flutter.plugins.firebase.firestore.FlutterFirebaseFirestoreRegistrar"
146-->[:cloud_firestore] AndroidManifest.xml:12:17-134
147                android:value="com.google.firebase.components.ComponentRegistrar" />
147-->[:cloud_firestore] AndroidManifest.xml:13:17-82
148            <meta-data
148-->[:firebase_core] AndroidManifest.xml:11:13-13:85
149                android:name="com.google.firebase.components:io.flutter.plugins.firebase.core.FlutterFirebaseCoreRegistrar"
149-->[:firebase_core] AndroidManifest.xml:12:17-124
150                android:value="com.google.firebase.components.ComponentRegistrar" />
150-->[:firebase_core] AndroidManifest.xml:13:17-82
151            <meta-data
151-->[com.google.firebase:firebase-firestore:24.6.0] AndroidManifest.xml:19:13-21:85
152                android:name="com.google.firebase.components:com.google.firebase.firestore.FirestoreRegistrar"
152-->[com.google.firebase:firebase-firestore:24.6.0] AndroidManifest.xml:20:17-111
153                android:value="com.google.firebase.components.ComponentRegistrar" />
153-->[com.google.firebase:firebase-firestore:24.6.0] AndroidManifest.xml:21:17-82
154        </service>
155
156        <receiver
156-->[:awesome_notifications] AndroidManifest.xml:15:9-17:39
157            android:name="me.carda.awesome_notifications.DartNotificationActionReceiver"
157-->[:awesome_notifications] AndroidManifest.xml:16:13-89
158            android:exported="true" />
158-->[:awesome_notifications] AndroidManifest.xml:17:13-36
159        <receiver
159-->[:awesome_notifications] AndroidManifest.xml:18:9-20:39
160            android:name="me.carda.awesome_notifications.DartDismissedNotificationReceiver"
160-->[:awesome_notifications] AndroidManifest.xml:19:13-92
161            android:exported="true" />
161-->[:awesome_notifications] AndroidManifest.xml:20:13-36
162        <receiver
162-->[:awesome_notifications] AndroidManifest.xml:21:9-23:39
163            android:name="me.carda.awesome_notifications.DartScheduledNotificationReceiver"
163-->[:awesome_notifications] AndroidManifest.xml:22:13-92
164            android:exported="true" />
164-->[:awesome_notifications] AndroidManifest.xml:23:13-36
165        <receiver
165-->[:awesome_notifications] AndroidManifest.xml:24:9-38:20
166            android:name="me.carda.awesome_notifications.DartRefreshSchedulesReceiver"
166-->[:awesome_notifications] AndroidManifest.xml:25:13-87
167            android:enabled="true"
167-->[:awesome_notifications] AndroidManifest.xml:26:13-35
168            android:exported="true" >
168-->[:awesome_notifications] AndroidManifest.xml:27:13-36
169            <intent-filter>
169-->[:awesome_notifications] AndroidManifest.xml:28:13-37:29
170                <category android:name="android.intent.category.DEFAULT" />
170-->src\main\AndroidManifest.xml:56:17-76
170-->src\main\AndroidManifest.xml:56:27-73
171
172                <action android:name="android.intent.action.BOOT_COMPLETED" />
172-->[:awesome_notifications] AndroidManifest.xml:31:17-79
172-->[:awesome_notifications] AndroidManifest.xml:31:25-76
173                <action android:name="android.intent.action.LOCKED_BOOT_COMPLETED" />
173-->[:awesome_notifications] AndroidManifest.xml:32:17-86
173-->[:awesome_notifications] AndroidManifest.xml:32:25-83
174                <action android:name="android.intent.action.MY_PACKAGE_REPLACED" />
174-->[:awesome_notifications] AndroidManifest.xml:33:17-84
174-->[:awesome_notifications] AndroidManifest.xml:33:25-81
175                <action android:name="android.intent.action.QUICKBOOT_POWERON" />
175-->[:awesome_notifications] AndroidManifest.xml:34:17-82
175-->[:awesome_notifications] AndroidManifest.xml:34:25-79
176                <action android:name="com.htc.intent.action.QUICKBOOT_POWERON" />
176-->[:awesome_notifications] AndroidManifest.xml:35:17-82
176-->[:awesome_notifications] AndroidManifest.xml:35:25-79
177                <action android:name="android.app.action.SCHEDULE_EXACT_ALARM_PERMISSION_STATE_CHANGED" />
177-->[:awesome_notifications] AndroidManifest.xml:36:17-107
177-->[:awesome_notifications] AndroidManifest.xml:36:25-104
178            </intent-filter>
179        </receiver>
180
181        <service
181-->[:awesome_notifications] AndroidManifest.xml:40:9-43:72
182            android:name="me.carda.awesome_notifications.DartBackgroundService"
182-->[:awesome_notifications] AndroidManifest.xml:41:13-80
183            android:exported="false"
183-->[:awesome_notifications] AndroidManifest.xml:42:13-37
184            android:permission="android.permission.BIND_JOB_SERVICE" />
184-->[:awesome_notifications] AndroidManifest.xml:43:13-69
185        <service
185-->[:awesome_notifications] AndroidManifest.xml:44:9-49:43
186            android:name="me.carda.awesome_notifications.core.services.ForegroundService"
186-->[:awesome_notifications] AndroidManifest.xml:45:13-90
187            android:enabled="true"
187-->[:awesome_notifications] AndroidManifest.xml:46:13-35
188            android:exported="false"
188-->[:awesome_notifications] AndroidManifest.xml:47:13-37
189            android:foregroundServiceType="phoneCall"
189-->[:awesome_notifications] AndroidManifest.xml:48:13-54
190            android:stopWithTask="true" />
190-->[:awesome_notifications] AndroidManifest.xml:49:13-40
191
192        <activity
192-->[:url_launcher_android] AndroidManifest.xml:10:9-13:74
193            android:name="io.flutter.plugins.urllauncher.WebViewActivity"
193-->[:url_launcher_android] AndroidManifest.xml:11:13-74
194            android:exported="false"
194-->[:url_launcher_android] AndroidManifest.xml:12:13-37
195            android:theme="@android:style/Theme.NoTitleBar.Fullscreen" />
195-->[:url_launcher_android] AndroidManifest.xml:13:13-71
196
197        <service
197-->[:zego_zpns] AndroidManifest.xml:10:9-13:72
198            android:name="im.zego.zpns_flutter.internal.utils.ZPNsMessagingBackgroundService"
198-->[:zego_zpns] AndroidManifest.xml:11:13-94
199            android:exported="false"
199-->[:zego_zpns] AndroidManifest.xml:12:13-37
200            android:permission="android.permission.BIND_JOB_SERVICE" />
200-->[:zego_zpns] AndroidManifest.xml:13:13-69
201
202        <receiver
202-->[:zego_zpns] AndroidManifest.xml:15:9-22:20
203            android:name="im.zego.zpns_flutter.internal.ZPNsPluginEventHandler"
203-->[:zego_zpns] AndroidManifest.xml:16:13-80
204            android:enabled="true"
204-->[:zego_zpns] AndroidManifest.xml:17:13-35
205            android:exported="true" >
205-->[:zego_zpns] AndroidManifest.xml:18:13-36
206            <intent-filter>
206-->[:zego_zpns] AndroidManifest.xml:19:13-21:29
207                <action android:name="im.zego.zim.zpns.intent.action.MESSAGE" />
207-->[:zego_zpns] AndroidManifest.xml:20:17-81
207-->[:zego_zpns] AndroidManifest.xml:20:25-78
208            </intent-filter>
209        </receiver>
210
211        <activity
211-->[:zego_express_engine] AndroidManifest.xml:12:9-17:64
212            android:name="im.zego.internal.screencapture.ZegoScreenCaptureManager$ZegoScreenCaptureAssistantActivity"
212-->[:zego_express_engine] AndroidManifest.xml:13:13-118
213            android:configChanges="screenSize|orientation"
213-->[:zego_express_engine] AndroidManifest.xml:14:13-59
214            android:exported="false"
214-->[:zego_express_engine] AndroidManifest.xml:15:13-37
215            android:screenOrientation="fullUser"
215-->[:zego_express_engine] AndroidManifest.xml:16:13-49
216            android:theme="@android:style/Theme.Translucent" />
216-->[:zego_express_engine] AndroidManifest.xml:17:13-61
217
218        <service
218-->[:zego_express_engine] AndroidManifest.xml:19:9-27:19
219            android:name="im.zego.internal.screencapture.ZegoScreenCaptureService"
219-->[:zego_express_engine] AndroidManifest.xml:20:13-83
220            android:enabled="true"
220-->[:zego_express_engine] AndroidManifest.xml:21:13-35
221            android:exported="false"
221-->[:zego_express_engine] AndroidManifest.xml:22:13-37
222            android:foregroundServiceType="mediaProjection" >
222-->[:zego_express_engine] AndroidManifest.xml:23:13-60
223            <intent-filter>
223-->[:zego_express_engine] AndroidManifest.xml:24:13-26:29
224                <action android:name="android.intent.action.screenshare" />
224-->[:zego_express_engine] AndroidManifest.xml:25:17-76
224-->[:zego_express_engine] AndroidManifest.xml:25:25-73
225            </intent-filter>
226        </service>
227
228        <activity
228-->[:flutter_callkit_incoming] AndroidManifest.xml:17:9-32:20
229            android:name="com.hiennv.flutter_callkit_incoming.CallkitIncomingActivity"
229-->[:flutter_callkit_incoming] AndroidManifest.xml:18:13-87
230            android:configChanges="orientation"
230-->[:flutter_callkit_incoming] AndroidManifest.xml:19:13-48
231            android:excludeFromRecents="true"
231-->[:flutter_callkit_incoming] AndroidManifest.xml:20:13-46
232            android:exported="true"
232-->[:flutter_callkit_incoming] AndroidManifest.xml:21:13-36
233            android:noHistory="true"
233-->[:flutter_callkit_incoming] AndroidManifest.xml:22:13-37
234            android:showOnLockScreen="true"
234-->[:flutter_callkit_incoming] AndroidManifest.xml:23:13-44
235            android:taskAffinity="com.hiennv.flutter_callkit_incoming.INCOMING_CALL_AFFINITY"
235-->[:flutter_callkit_incoming] AndroidManifest.xml:24:13-94
236            android:theme="@style/CallkitIncomingTheme"
236-->[:flutter_callkit_incoming] AndroidManifest.xml:25:13-56
237            android:turnScreenOn="true" >
237-->[:flutter_callkit_incoming] AndroidManifest.xml:26:13-40
238            <intent-filter>
238-->[:flutter_callkit_incoming] AndroidManifest.xml:27:13-31:29
239                <action android:name="com.mycompany.shopapp.com.hiennv.flutter_callkit_incoming.ACTION_CALL_INCOMING" />
239-->[:flutter_callkit_incoming] AndroidManifest.xml:28:17-116
239-->[:flutter_callkit_incoming] AndroidManifest.xml:28:25-113
240
241                <category android:name="android.intent.category.DEFAULT" />
241-->src\main\AndroidManifest.xml:56:17-76
241-->src\main\AndroidManifest.xml:56:27-73
242            </intent-filter>
243        </activity>
244        <activity
244-->[:flutter_callkit_incoming] AndroidManifest.xml:33:9-36:55
245            android:name="com.hiennv.flutter_callkit_incoming.TransparentActivity"
245-->[:flutter_callkit_incoming] AndroidManifest.xml:34:13-83
246            android:exported="false"
246-->[:flutter_callkit_incoming] AndroidManifest.xml:35:13-37
247            android:theme="@style/TranslucentTheme" />
247-->[:flutter_callkit_incoming] AndroidManifest.xml:36:13-52
248
249        <receiver
249-->[:flutter_callkit_incoming] AndroidManifest.xml:38:9-49:20
250            android:name="com.hiennv.flutter_callkit_incoming.CallkitIncomingBroadcastReceiver"
250-->[:flutter_callkit_incoming] AndroidManifest.xml:39:13-96
251            android:enabled="true"
251-->[:flutter_callkit_incoming] AndroidManifest.xml:40:13-35
252            android:exported="true" >
252-->[:flutter_callkit_incoming] AndroidManifest.xml:41:13-36
253            <intent-filter>
253-->[:flutter_callkit_incoming] AndroidManifest.xml:42:13-48:29
254                <action android:name="com.mycompany.shopapp.com.hiennv.flutter_callkit_incoming.ACTION_CALL_INCOMING" />
254-->[:flutter_callkit_incoming] AndroidManifest.xml:28:17-116
254-->[:flutter_callkit_incoming] AndroidManifest.xml:28:25-113
255                <action android:name="com.mycompany.shopapp.com.hiennv.flutter_callkit_incoming.ACTION_CALL_ACCEPT" />
255-->[:flutter_callkit_incoming] AndroidManifest.xml:44:17-114
255-->[:flutter_callkit_incoming] AndroidManifest.xml:44:25-111
256                <action android:name="com.mycompany.shopapp.com.hiennv.flutter_callkit_incoming.ACTION_CALL_DECLINE" />
256-->[:flutter_callkit_incoming] AndroidManifest.xml:45:17-115
256-->[:flutter_callkit_incoming] AndroidManifest.xml:45:25-112
257                <action android:name="com.mycompany.shopapp.com.hiennv.flutter_callkit_incoming.ACTION_CALL_ENDED" />
257-->[:flutter_callkit_incoming] AndroidManifest.xml:46:17-113
257-->[:flutter_callkit_incoming] AndroidManifest.xml:46:25-110
258                <action android:name="com.mycompany.shopapp.com.hiennv.flutter_callkit_incoming.ACTION_CALL_TIMEOUT" />
258-->[:flutter_callkit_incoming] AndroidManifest.xml:47:17-115
258-->[:flutter_callkit_incoming] AndroidManifest.xml:47:25-112
259            </intent-filter>
260        </receiver>
261
262        <service
262-->[:flutter_callkit_incoming] AndroidManifest.xml:51:9-54:39
263            android:name="com.hiennv.flutter_callkit_incoming.CallkitSoundPlayerService"
263-->[:flutter_callkit_incoming] AndroidManifest.xml:52:13-89
264            android:enabled="true"
264-->[:flutter_callkit_incoming] AndroidManifest.xml:53:13-35
265            android:exported="true" /> <!-- Mqtt Service -->
265-->[:flutter_callkit_incoming] AndroidManifest.xml:54:13-36
266        <service android:name="org.eclipse.paho.android.service.MqttService" />
266-->[com.github.umair13adil:RxLogs:1.0.20] AndroidManifest.xml:18:9-80
266-->[com.github.umair13adil:RxLogs:1.0.20] AndroidManifest.xml:18:18-77
267        <service
267-->[me.carda:AndroidAwnCore:0.7.5-dev.3] AndroidManifest.xml:21:9-28:19
268            android:name="me.carda.awesome_notifications.core.managers.StatusBarManager"
268-->[me.carda:AndroidAwnCore:0.7.5-dev.3] AndroidManifest.xml:22:13-89
269            android:exported="true"
269-->[me.carda:AndroidAwnCore:0.7.5-dev.3] AndroidManifest.xml:23:13-36
270            android:label="My Notification Listener Service" >
270-->[me.carda:AndroidAwnCore:0.7.5-dev.3] AndroidManifest.xml:24:13-61
271            <intent-filter>
271-->[me.carda:AndroidAwnCore:0.7.5-dev.3] AndroidManifest.xml:25:13-27:29
272                <action android:name="android.service.notification.NotificationListenerService" />
272-->[me.carda:AndroidAwnCore:0.7.5-dev.3] AndroidManifest.xml:26:17-99
272-->[me.carda:AndroidAwnCore:0.7.5-dev.3] AndroidManifest.xml:26:25-96
273            </intent-filter>
274        </service>
275
276        <provider
276-->[com.google.firebase:firebase-common:20.3.2] AndroidManifest.xml:25:9-30:39
277            android:name="com.google.firebase.provider.FirebaseInitProvider"
277-->[com.google.firebase:firebase-common:20.3.2] AndroidManifest.xml:26:13-77
278            android:authorities="com.mycompany.shopapp.firebaseinitprovider"
278-->[com.google.firebase:firebase-common:20.3.2] AndroidManifest.xml:27:13-72
279            android:directBootAware="true"
279-->[com.google.firebase:firebase-common:20.3.2] AndroidManifest.xml:28:13-43
280            android:exported="false"
280-->[com.google.firebase:firebase-common:20.3.2] AndroidManifest.xml:29:13-37